<?xml version="1.0" encoding="UTF-8"?>
<testsuite name="testcases.TestCases" tests="2" skipped="0" failures="0" errors="0" timestamp="2019-12-04T18:58:03" hostname="Valentin" time="63.883">
  <properties/>
  <testcase name="testMenuMapLocation" classname="testcases.TestCases" time="16.634"/>
  <testcase name="testMenuSettings" classname="testcases.TestCases" time="10.655"/>
  <system-out><![CDATA[]]></system-out>
  <system-err><![CDATA[Dec 04, 2019 8:58:03 PM io.appium.java_client.remote.AppiumCommandExecutor$1 lambda$0
INFO: Detected dialect: W3C
]]></system-err>
</testsuite>
