<?xml version="1.0" encoding="UTF-8"?>
<testsuite name="testcases.TestCases" tests="1" skipped="0" failures="0" errors="0" timestamp="2019-11-25T20:22:42" hostname="Valentin" time="17.689">
  <properties/>
  <testcase name="testMenu" classname="testcases.TestCases" time="17.689"/>
  <system-out><![CDATA[]]></system-out>
  <system-err><![CDATA[Nov 25, 2019 10:22:42 PM io.appium.java_client.remote.AppiumCommandExecutor$1 lambda$0
INFO: Detected dialect: W3C
]]></system-err>
</testsuite>
