<?xml version="1.0" encoding="UTF-8"?>
<testsuite name="testcases.TestCases" tests="1" skipped="0" failures="0" errors="0" timestamp="2019-11-20T20:30:04" hostname="Valentin" time="0.939">
  <properties/>
  <testcase name="test" classname="testcases.TestCases" time="0.939"/>
  <system-out><![CDATA[]]></system-out>
  <system-err><![CDATA[Nov 20, 2019 10:30:03 PM io.appium.java_client.remote.AppiumCommandExecutor$1 lambda$0
INFO: Detected dialect: W3C
]]></system-err>
</testsuite>
