<?xml version="1.0" encoding="UTF-8"?>
<testsuite name="testcases.MenuTestCases" tests="1" skipped="0" failures="0" errors="0" timestamp="2019-12-05T22:51:23" hostname="Valentin" time="35.209">
  <properties/>
  <testcase name="testDetailsMenuSettings" classname="testcases.MenuTestCases" time="35.209"/>
  <system-out><![CDATA[]]></system-out>
  <system-err><![CDATA[Dec 06, 2019 12:51:23 AM io.appium.java_client.remote.AppiumCommandExecutor$1 lambda$0
INFO: Detected dialect: W3C
]]></system-err>
</testsuite>
